<?xml version="1.0" encoding="UTF-8"?>
<!-- Generated by org.testng.reporters.JUnitReportReporter -->
<testsuite hostname="SAMPATHKUMAR-S" failures="0" tests="3" name="rahlshettyacademy.Tests.SubmitOrderTest" time="20.605" errors="0" timestamp="2025-07-23T15:30:39 IST" skipped="0">
  <testcase classname="rahlshettyacademy.Tests.SubmitOrderTest" name="submitOrder" time="12.737"/>
  <testcase classname="rahlshettyacademy.Tests.SubmitOrderTest" name="OrderHistoryTest" time="2.463"/>
  <testcase classname="rahlshettyacademy.Tests.SubmitOrderTest" name="submitOrder" time="5.405"/>
</testsuite> <!-- rahlshettyacademy.Tests.SubmitOrderTest -->
